
Plan: 26 file operations
DRY   Guyver ep01 'The Amazing Bioboosted Armor'.mp4
   -> /media/madmaxlgndklr/media31/Shows/Guyver The Bioboosted Armor/Season 01/Guyver The Bioboosted Armor - S01E01 - The Amazing Bioboosted Armor.mp4
DRY   Guyver ep02 'Secret Organization Cronos'.mp4
   -> /media/madmaxlgndklr/media31/Shows/Guyver The Bioboosted Armor/Season 01/Guyver The Bioboosted Armor - S01E02 - Secret Organization Cronos.mp4
DRY   Guyver ep03 'Inspector Lisker'.mp4
   -> /media/madmaxlgndklr/media31/Shows/Guyver The Bioboosted Armor/Season 01/Guyver The Bioboosted Armor - S01E03 - Inspector Lisker.mp4
DRY   Guyver ep04 'Visitor of the Dusk'.mp4
   -> /media/madmaxlgndklr/media31/Shows/Guyver The Bioboosted Armor/Season 01/Guyver The Bioboosted Armor - S01E04 - Visitor of the Dusk.mp4
DRY   Guyver ep05 'The Third Shadow'.mp4
   -> /media/madmaxlgndklr/media31/Shows/Guyver The Bioboosted Armor/Season 01/Guyver The Bioboosted Armor - S01E05 - The Third Shadow.mp4
DRY   Guyver ep06 'The End of a Deadly Battle'.mp4
   -> /media/madmaxlgndklr/media31/Shows/Guyver The Bioboosted Armor/Season 01/Guyver The Bioboosted Armor - S01E06 - The End of a Deadly Battle.mp4
DRY   Guyver ep07 'Miracle of Supreme Cell'.mp4
   -> /media/madmaxlgndklr/media31/Shows/Guyver The Bioboosted Armor/Season 01/Guyver The Bioboosted Armor - S01E07 - Miracle of Supreme Cell.mp4
DRY   Guyver ep08 'The Shaking Skyscraper'.mp4
   -> /media/madmaxlgndklr/media31/Shows/Guyver The Bioboosted Armor/Season 01/Guyver The Bioboosted Armor - S01E08 - The Shaking Skyscraper.mp4
DRY   Guyver ep09 'Ashes and Chasing Memories'.mp4
   -> /media/madmaxlgndklr/media31/Shows/Guyver The Bioboosted Armor/Season 01/Guyver The Bioboosted Armor - S01E09 - Ashes and Chasing Memories.mp4
DRY   Guyver ep10 'Prelude of the Chase'.mp4
   -> /media/madmaxlgndklr/media31/Shows/Guyver The Bioboosted Armor/Season 01/Guyver The Bioboosted Armor - S01E10 - Prelude of the Chase.mp4
DRY   Guyver ep11 'Relic's Point'.mp4
   -> /media/madmaxlgndklr/media31/Shows/Guyver The Bioboosted Armor/Season 01/Guyver The Bioboosted Armor - S01E11 - Relic's Point.mp4
DRY   Guyver ep12 'Respective Decisions'.mp4
   -> /media/madmaxlgndklr/media31/Shows/Guyver The Bioboosted Armor/Season 01/Guyver The Bioboosted Armor - S01E12 - Respective Decisions.mp4
DRY   Guyver ep13 'The Tragic Enzyme II'.mp4
   -> /media/madmaxlgndklr/media31/Shows/Guyver The Bioboosted Armor/Season 01/Guyver The Bioboosted Armor - S01E13 - The Tragic Enzyme II.mp4
DRY   Guyver ep14 'Escape in the Rain'.mp4
   -> /media/madmaxlgndklr/media31/Shows/Guyver The Bioboosted Armor/Season 01/Guyver The Bioboosted Armor - S01E14 - Escape in the Rain.mp4
DRY   Guyver ep15 'Guyot Strikes'.mp4
   -> /media/madmaxlgndklr/media31/Shows/Guyver The Bioboosted Armor/Season 01/Guyver The Bioboosted Armor - S01E15 - Guyot Strikes.mp4
DRY   Guyver ep16 'The Awakened Guyver I'.mp4
   -> /media/madmaxlgndklr/media31/Shows/Guyver The Bioboosted Armor/Season 01/Guyver The Bioboosted Armor - S01E16 - The Awakened Guyver I.mp4
DRY   Guyver ep17 'The Nightmare Encircling Net'.mp4
   -> /media/madmaxlgndklr/media31/Shows/Guyver The Bioboosted Armor/Season 01/Guyver The Bioboosted Armor - S01E17 - The Nightmare Encircling Net.mp4
DRY   Guyver ep18 'Vibration'.mp4
   -> /media/madmaxlgndklr/media31/Shows/Guyver The Bioboosted Armor/Season 01/Guyver The Bioboosted Armor - S01E18 - Vibration.mp4
DRY   Guyver ep19 'The Night Before the Strike'.mp4
   -> /media/madmaxlgndklr/media31/Shows/Guyver The Bioboosted Armor/Season 01/Guyver The Bioboosted Armor - S01E19 - The Night Before the Strike.mp4
DRY   Guyver ep20 'The Advents' Ship'.mp4
   -> /media/madmaxlgndklr/media31/Shows/Guyver The Bioboosted Armor/Season 01/Guyver The Bioboosted Armor - S01E20 - The Advents' Ship.mp4
DRY   Guyver ep21 'Chaos at Relic's Point'.mp4
   -> /media/madmaxlgndklr/media31/Shows/Guyver The Bioboosted Armor/Season 01/Guyver The Bioboosted Armor - S01E21 - Chaos at Relic's Point.mp4
DRY   Guyver ep22 'Countdown of Destruction'.mp4
   -> /media/madmaxlgndklr/media31/Shows/Guyver The Bioboosted Armor/Season 01/Guyver The Bioboosted Armor - S01E22 - Countdown of Destruction.mp4
DRY   Guyver ep23 'Beam of Annihilation'.mp4
   -> /media/madmaxlgndklr/media31/Shows/Guyver The Bioboosted Armor/Season 01/Guyver The Bioboosted Armor - S01E23 - Beam of Annihilation.mp4
DRY   Guyver ep24 'At the Town Under Oppression'.mp4
   -> /media/madmaxlgndklr/media31/Shows/Guyver The Bioboosted Armor/Season 01/Guyver The Bioboosted Armor - S01E24 - At the Town Under Oppression.mp4
DRY   Guyver ep25 'The Quickening Chrysalis'.mp4
   -> /media/madmaxlgndklr/media31/Shows/Guyver The Bioboosted Armor/Season 01/Guyver The Bioboosted Armor - S01E25 - The Quickening Chrysalis.mp4
DRY   Guyver ep26 'Advent! Gigantic Bio-Boost'.mp4
   -> /media/madmaxlgndklr/media31/Shows/Guyver The Bioboosted Armor/Season 01/Guyver The Bioboosted Armor - S01E26 - Advent! Gigantic Bio-Boost.mp4

Summary: moved=26  skipped=0  errors=0

Plan: 26 file operations
MOVE  Guyver ep01 'The Amazing Bioboosted Armor'.mp4
   -> /media/madmaxlgndklr/media31/Shows/Guyver The Bioboosted Armor/Season 01/Guyver The Bioboosted Armor - S01E01 - The Amazing Bioboosted Armor.mp4
MOVE  Guyver ep02 'Secret Organization Cronos'.mp4
   -> /media/madmaxlgndklr/media31/Shows/Guyver The Bioboosted Armor/Season 01/Guyver The Bioboosted Armor - S01E02 - Secret Organization Cronos.mp4
MOVE  Guyver ep03 'Inspector Lisker'.mp4
   -> /media/madmaxlgndklr/media31/Shows/Guyver The Bioboosted Armor/Season 01/Guyver The Bioboosted Armor - S01E03 - Inspector Lisker.mp4
MOVE  Guyver ep04 'Visitor of the Dusk'.mp4
   -> /media/madmaxlgndklr/media31/Shows/Guyver The Bioboosted Armor/Season 01/Guyver The Bioboosted Armor - S01E04 - Visitor of the Dusk.mp4
MOVE  Guyver ep05 'The Third Shadow'.mp4
   -> /media/madmaxlgndklr/media31/Shows/Guyver The Bioboosted Armor/Season 01/Guyver The Bioboosted Armor - S01E05 - The Third Shadow.mp4
MOVE  Guyver ep06 'The End of a Deadly Battle'.mp4
   -> /media/madmaxlgndklr/media31/Shows/Guyver The Bioboosted Armor/Season 01/Guyver The Bioboosted Armor - S01E06 - The End of a Deadly Battle.mp4
MOVE  Guyver ep07 'Miracle of Supreme Cell'.mp4
   -> /media/madmaxlgndklr/media31/Shows/Guyver The Bioboosted Armor/Season 01/Guyver The Bioboosted Armor - S01E07 - Miracle of Supreme Cell.mp4
MOVE  Guyver ep08 'The Shaking Skyscraper'.mp4
   -> /media/madmaxlgndklr/media31/Shows/Guyver The Bioboosted Armor/Season 01/Guyver The Bioboosted Armor - S01E08 - The Shaking Skyscraper.mp4
MOVE  Guyver ep09 'Ashes and Chasing Memories'.mp4
   -> /media/madmaxlgndklr/media31/Shows/Guyver The Bioboosted Armor/Season 01/Guyver The Bioboosted Armor - S01E09 - Ashes and Chasing Memories.mp4
MOVE  Guyver ep10 'Prelude of the Chase'.mp4
   -> /media/madmaxlgndklr/media31/Shows/Guyver The Bioboosted Armor/Season 01/Guyver The Bioboosted Armor - S01E10 - Prelude of the Chase.mp4
MOVE  Guyver ep11 'Relic's Point'.mp4
   -> /media/madmaxlgndklr/media31/Shows/Guyver The Bioboosted Armor/Season 01/Guyver The Bioboosted Armor - S01E11 - Relic's Point.mp4
MOVE  Guyver ep12 'Respective Decisions'.mp4
   -> /media/madmaxlgndklr/media31/Shows/Guyver The Bioboosted Armor/Season 01/Guyver The Bioboosted Armor - S01E12 - Respective Decisions.mp4
MOVE  Guyver ep13 'The Tragic Enzyme II'.mp4
   -> /media/madmaxlgndklr/media31/Shows/Guyver The Bioboosted Armor/Season 01/Guyver The Bioboosted Armor - S01E13 - The Tragic Enzyme II.mp4
MOVE  Guyver ep14 'Escape in the Rain'.mp4
   -> /media/madmaxlgndklr/media31/Shows/Guyver The Bioboosted Armor/Season 01/Guyver The Bioboosted Armor - S01E14 - Escape in the Rain.mp4
MOVE  Guyver ep15 'Guyot Strikes'.mp4
   -> /media/madmaxlgndklr/media31/Shows/Guyver The Bioboosted Armor/Season 01/Guyver The Bioboosted Armor - S01E15 - Guyot Strikes.mp4
MOVE  Guyver ep16 'The Awakened Guyver I'.mp4
   -> /media/madmaxlgndklr/media31/Shows/Guyver The Bioboosted Armor/Season 01/Guyver The Bioboosted Armor - S01E16 - The Awakened Guyver I.mp4
MOVE  Guyver ep17 'The Nightmare Encircling Net'.mp4
   -> /media/madmaxlgndklr/media31/Shows/Guyver The Bioboosted Armor/Season 01/Guyver The Bioboosted Armor - S01E17 - The Nightmare Encircling Net.mp4
MOVE  Guyver ep18 'Vibration'.mp4
   -> /media/madmaxlgndklr/media31/Shows/Guyver The Bioboosted Armor/Season 01/Guyver The Bioboosted Armor - S01E18 - Vibration.mp4
MOVE  Guyver ep19 'The Night Before the Strike'.mp4
   -> /media/madmaxlgndklr/media31/Shows/Guyver The Bioboosted Armor/Season 01/Guyver The Bioboosted Armor - S01E19 - The Night Before the Strike.mp4
MOVE  Guyver ep20 'The Advents' Ship'.mp4
   -> /media/madmaxlgndklr/media31/Shows/Guyver The Bioboosted Armor/Season 01/Guyver The Bioboosted Armor - S01E20 - The Advents' Ship.mp4
MOVE  Guyver ep21 'Chaos at Relic's Point'.mp4
   -> /media/madmaxlgndklr/media31/Shows/Guyver The Bioboosted Armor/Season 01/Guyver The Bioboosted Armor - S01E21 - Chaos at Relic's Point.mp4
MOVE  Guyver ep22 'Countdown of Destruction'.mp4
   -> /media/madmaxlgndklr/media31/Shows/Guyver The Bioboosted Armor/Season 01/Guyver The Bioboosted Armor - S01E22 - Countdown of Destruction.mp4
MOVE  Guyver ep23 'Beam of Annihilation'.mp4
   -> /media/madmaxlgndklr/media31/Shows/Guyver The Bioboosted Armor/Season 01/Guyver The Bioboosted Armor - S01E23 - Beam of Annihilation.mp4
MOVE  Guyver ep24 'At the Town Under Oppression'.mp4
   -> /media/madmaxlgndklr/media31/Shows/Guyver The Bioboosted Armor/Season 01/Guyver The Bioboosted Armor - S01E24 - At the Town Under Oppression.mp4
MOVE  Guyver ep25 'The Quickening Chrysalis'.mp4
   -> /media/madmaxlgndklr/media31/Shows/Guyver The Bioboosted Armor/Season 01/Guyver The Bioboosted Armor - S01E25 - The Quickening Chrysalis.mp4
MOVE  Guyver ep26 'Advent! Gigantic Bio-Boost'.mp4
   -> /media/madmaxlgndklr/media31/Shows/Guyver The Bioboosted Armor/Season 01/Guyver The Bioboosted Armor - S01E26 - Advent! Gigantic Bio-Boost.mp4

Summary: moved=26  skipped=0  errors=0
