
Plan: 78 file operations
DRY   JL #1 - 3 Secret Origins..avi
   -> /media/madmaxlgndklr/media31/Shows/Justice League (2001)/Season 01/Justice League (2001) - S01E01E02E03 - Secret Origins.avi
DRY   JL #4 In Blackest Night 1.avi
   -> /media/madmaxlgndklr/media31/Shows/Justice League (2001)/Season 01/Justice League (2001) - S01E04 - In Blackest Night, Part I.avi
DRY   JL #5 In Blackest Night 2.avi
   -> /media/madmaxlgndklr/media31/Shows/Justice League (2001)/Season 01/Justice League (2001) - S01E05 - In Blackest Night, Part II.avi
DRY   JL #6 The Enemy Below 1.avi
   -> /media/madmaxlgndklr/media31/Shows/Justice League (2001)/Season 01/Justice League (2001) - S01E06 - The Enemy Below, Part I.avi
DRY   JL #7 The Enemy Below 2.avi
   -> /media/madmaxlgndklr/media31/Shows/Justice League (2001)/Season 01/Justice League (2001) - S01E07 - The Enemy Below, Part II.avi
DRY   JL #8 Paradise Lost 1.avi
   -> /media/madmaxlgndklr/media31/Shows/Justice League (2001)/Season 01/Justice League (2001) - S01E10 - Paradise Lost, Part I.avi
DRY   JL #9 Paradise Lost 2.avi
   -> /media/madmaxlgndklr/media31/Shows/Justice League (2001)/Season 01/Justice League (2001) - S01E11 - Paradise Lost, Part II.avi
DRY   JL #10 War World 1.avi
   -> /media/madmaxlgndklr/media31/Shows/Justice League (2001)/Season 01/Justice League (2001) - S01E12 - War World, Part I.avi
DRY   JL #11 War World 2.avi
   -> /media/madmaxlgndklr/media31/Shows/Justice League (2001)/Season 01/Justice League (2001) - S01E13 - War World, Part II.avi
DRY   JL #12 The Brave and the Bold 1.avi
   -> /media/madmaxlgndklr/media31/Shows/Justice League (2001)/Season 01/Justice League (2001) - S01E14 - The Brave and the Bold, Part I.avi
DRY   JL #13 The Brave and the Bold 2.avi
   -> /media/madmaxlgndklr/media31/Shows/Justice League (2001)/Season 01/Justice League (2001) - S01E15 - The Brave and the Bold, Part II.avi
DRY   JL #14 Fury 1.avi
   -> /media/madmaxlgndklr/media31/Shows/Justice League (2001)/Season 01/Justice League (2001) - S01E16 - Fury, Part I.avi
DRY   JL #15 Fury 2.avi
   -> /media/madmaxlgndklr/media31/Shows/Justice League (2001)/Season 01/Justice League (2001) - S01E17 - Fury, Part II.avi
DRY   JL #16 Legends 1.avi
   -> /media/madmaxlgndklr/media31/Shows/Justice League (2001)/Season 01/Justice League (2001) - S01E18 - Legends, Part I.avi
DRY   JL #17 Legends 2.avi
   -> /media/madmaxlgndklr/media31/Shows/Justice League (2001)/Season 01/Justice League (2001) - S01E19 - Legends, Part II.avi
DRY   JL #18 Injustice for All 1.avi
   -> /media/madmaxlgndklr/media31/Shows/Justice League (2001)/Season 01/Justice League (2001) - S01E08 - Injustice for All, Part I.avi
DRY   JL #19 Injustice For All 2.avi
   -> /media/madmaxlgndklr/media31/Shows/Justice League (2001)/Season 01/Justice League (2001) - S01E09 - Injustice for All, Part II.avi
DRY   JL #20 A Knight of Shadows 1.avi
   -> /media/madmaxlgndklr/media31/Shows/Justice League (2001)/Season 01/Justice League (2001) - S01E20 - A Knight of Shadows, Part I.avi
DRY   JL #21 A Knight of Shadows 2.avi
   -> /media/madmaxlgndklr/media31/Shows/Justice League (2001)/Season 01/Justice League (2001) - S01E21 - A Knight of Shadows, Part II.avi
DRY   JL #22 Metamorphisis 1.avi
   -> /media/madmaxlgndklr/media31/Shows/Justice League (2001)/Season 01/Justice League (2001) - S01E22 - Metamorphosis, Part I.avi
DRY   JL #23 Metamorphisis 2.avi
   -> /media/madmaxlgndklr/media31/Shows/Justice League (2001)/Season 01/Justice League (2001) - S01E23 - Metamorphosis, Part II.avi
DRY   JL #24 The Savage Time 1.avi
   -> /media/madmaxlgndklr/media31/Shows/Justice League (2001)/Season 01/Justice League (2001) - S01E24 - The Savage Time, Part I.avi
DRY   JL #25 The Savage Time 2.avi
   -> /media/madmaxlgndklr/media31/Shows/Justice League (2001)/Season 01/Justice League (2001) - S01E25 - The Savage Time, Part II.avi
DRY   JL #26 The Savage Time 3.avi
   -> /media/madmaxlgndklr/media31/Shows/Justice League (2001)/Season 01/Justice League (2001) - S01E26 - The Savage Time, Part III.avi
DRY   JL #27 - 28 Twilight of the Gods.avi
   -> /media/madmaxlgndklr/media31/Shows/Justice League (2001)/Season 02/Justice League (2001) - S02E01E02 - Twilight of the Gods.avi
DRY   JL #29 - 30 Tabula Rasa.avi
   -> /media/madmaxlgndklr/media31/Shows/Justice League (2001)/Season 02/Justice League (2001) - S02E03E04 - Tabula Rasa.avi
DRY   JL #31 - 32 Only a Dream.avi
   -> /media/madmaxlgndklr/media31/Shows/Justice League (2001)/Season 02/Justice League (2001) - S02E05E06 - Only a Dream.avi
DRY   JL #33 - 34 Maid of Honor.avi
   -> /media/madmaxlgndklr/media31/Shows/Justice League (2001)/Season 02/Justice League (2001) - S02E07E08 - Maid of Honor.avi
DRY   JL #35 - 36 Hearts and Minds.avi
   -> /media/madmaxlgndklr/media31/Shows/Justice League (2001)/Season 02/Justice League (2001) - S02E09E10 - Hearts and Minds.avi
DRY   JL #37 - 38 A Better World.avi
   -> /media/madmaxlgndklr/media31/Shows/Justice League (2001)/Season 02/Justice League (2001) - S02E11E12 - A Better World.avi
DRY   JL #39 - 40 Eclipsed.avi
   -> /media/madmaxlgndklr/media31/Shows/Justice League (2001)/Season 02/Justice League (2001) - S02E13E14 - Eclipsed.avi
DRY   JL #41- 42 The Terror Beyond.avi
   -> /media/madmaxlgndklr/media31/Shows/Justice League (2001)/Season 02/Justice League (2001) - S02E15E16 - The Terror Beyond.avi
DRY   JL #43 - 44 Secret Society.avi
   -> /media/madmaxlgndklr/media31/Shows/Justice League (2001)/Season 02/Justice League (2001) - S02E17E18 - Secret Society.avi
DRY   JL #45 - 46 Hereafter.avi
   -> /media/madmaxlgndklr/media31/Shows/Justice League (2001)/Season 02/Justice League (2001) - S02E19E20 - Hereafter.avi
DRY   JL #47 - 48 Wildcards.avi
   -> /media/madmaxlgndklr/media31/Shows/Justice League (2001)/Season 02/Justice League (2001) - S02E21E22 - Wildcards.avi
DRY   JL #49 Comfort and Joy.avi
   -> /media/madmaxlgndklr/media31/Shows/Justice League (2001)/Season 02/Justice League (2001) - S02E23 - Comfort and Joy.avi
DRY   JL #50 Starcrossed 1.avi
   -> /media/madmaxlgndklr/media31/Shows/Justice League (2001)/Season 02/Justice League (2001) - S02E24 - Starcrossed, Part I.avi
DRY   JL #51 Starcrossed 2.avi
   -> /media/madmaxlgndklr/media31/Shows/Justice League (2001)/Season 02/Justice League (2001) - S02E25 - Starcrossed, Part II.avi
DRY   JL #52 Starcrossed 3.avi
   -> /media/madmaxlgndklr/media31/Shows/Justice League (2001)/Season 02/Justice League (2001) - S02E26 - Starcrossed, Part III.avi
DRY   JL #53 Initiation (U).avi
   -> /media/madmaxlgndklr/media31/Shows/Justice League Unlimited/Season 01/Justice League Unlimited - S01E01 - Initiation.avi
DRY   JL #54 For the Man Who Has Everything (U).avi
   -> /media/madmaxlgndklr/media31/Shows/Justice League Unlimited/Season 01/Justice League Unlimited - S01E02 - For the Man Who Has Everything.avi
DRY   JL #55 Kid Stuff (U).avi
   -> /media/madmaxlgndklr/media31/Shows/Justice League Unlimited/Season 01/Justice League Unlimited - S01E03 - Kid Stuff.avi
DRY   JL #56 Hawk and Dove (U).avi
   -> /media/madmaxlgndklr/media31/Shows/Justice League Unlimited/Season 01/Justice League Unlimited - S01E04 - Hawk and Dove.avi
DRY   JL #57 This LIttle Piggy (U).avi
   -> /media/madmaxlgndklr/media31/Shows/Justice League Unlimited/Season 01/Justice League Unlimited - S01E05 - This Little Piggy.avi
DRY   JL #58 Fearful Symmetry (U).avi
   -> /media/madmaxlgndklr/media31/Shows/Justice League Unlimited/Season 01/Justice League Unlimited - S01E06 - Fearful Symmetry.avi
DRY   JL #59 The Greatest Story Never Told (U).avi
   -> /media/madmaxlgndklr/media31/Shows/Justice League Unlimited/Season 01/Justice League Unlimited - S01E07 - The Greatest Story Never Told.avi
DRY   JL #60 The Return (U).avi
   -> /media/madmaxlgndklr/media31/Shows/Justice League Unlimited/Season 01/Justice League Unlimited - S01E08 - The Return.avi
DRY   JL #61 Ultimatum (U).avi
   -> /media/madmaxlgndklr/media31/Shows/Justice League Unlimited/Season 01/Justice League Unlimited - S01E09 - Ultimatum.avi
DRY   JL #62 Dark Heart (U).avi
   -> /media/madmaxlgndklr/media31/Shows/Justice League Unlimited/Season 01/Justice League Unlimited - S01E10 - Dark Heart.avi
DRY   JL #63 Wake the Dead (U).avi
   -> /media/madmaxlgndklr/media31/Shows/Justice League Unlimited/Season 01/Justice League Unlimited - S01E11 - Wake the Dead.avi
DRY   JL #64 The Once and Future Thing Western Tales (U).avi
   -> /media/madmaxlgndklr/media31/Shows/Justice League Unlimited/Season 01/Justice League Unlimited - S01E12 - The Once and Future Thing: Weird Western Tales.avi
DRY   JL #65 The Once and Future Thing Time, Warped (U).avi
   -> /media/madmaxlgndklr/media31/Shows/Justice League Unlimited/Season 01/Justice League Unlimited - S01E13 - The Once and Future Thing: Time, Warped.avi
DRY   JL #66 The Cat and the Canary (U).avi
   -> /media/madmaxlgndklr/media31/Shows/Justice League Unlimited/Season 02/Justice League Unlimited - S02E01 - The Cat and the Canary.avi
DRY   JL #67 The Ties That Bind (U).avi
   -> /media/madmaxlgndklr/media31/Shows/Justice League Unlimited/Season 02/Justice League Unlimited - S02E02 - The Ties That Bind.avi
DRY   JL #68 The Doomsday Sanction (U).avi
   -> /media/madmaxlgndklr/media31/Shows/Justice League Unlimited/Season 02/Justice League Unlimited - S02E03 - The Doomsday Sanction.avi
DRY   JL #69 Task Force X (U).avi
   -> /media/madmaxlgndklr/media31/Shows/Justice League Unlimited/Season 02/Justice League Unlimited - S02E04 - Task Force X.avi
DRY   JL #70 The Balance (U).avi
   -> /media/madmaxlgndklr/media31/Shows/Justice League Unlimited/Season 02/Justice League Unlimited - S02E05 - The Balance.avi
DRY   JL #71 Double Date (U).avi
   -> /media/madmaxlgndklr/media31/Shows/Justice League Unlimited/Season 02/Justice League Unlimited - S02E06 - Double Date.avi
DRY   JL #72 Clash (U).avi
   -> /media/madmaxlgndklr/media31/Shows/Justice League Unlimited/Season 02/Justice League Unlimited - S02E07 - Clash.avi
DRY   JL #73 Hunter's Moon (U).avi
   -> /media/madmaxlgndklr/media31/Shows/Justice League Unlimited/Season 02/Justice League Unlimited - S02E08 - Hunter's Moon.avi
DRY   JL #74 Question Authority (U).avi
   -> /media/madmaxlgndklr/media31/Shows/Justice League Unlimited/Season 02/Justice League Unlimited - S02E09 - Question Authority.avi
DRY   JL #75 Flashpoint (U).avi
   -> /media/madmaxlgndklr/media31/Shows/Justice League Unlimited/Season 02/Justice League Unlimited - S02E10 - Flashpoint.avi
DRY   JL #76 Panic In The Sky (U).avi
   -> /media/madmaxlgndklr/media31/Shows/Justice League Unlimited/Season 02/Justice League Unlimited - S02E11 - Panic in the Sky.avi
DRY   JL #77 Divided We Fall (U).avi
   -> /media/madmaxlgndklr/media31/Shows/Justice League Unlimited/Season 02/Justice League Unlimited - S02E12 - Divided We Fall.avi
DRY   JL #78 Epilogue (U).avi
   -> /media/madmaxlgndklr/media31/Shows/Justice League Unlimited/Season 02/Justice League Unlimited - S02E13 - Epilogue.avi
DRY   JL # 79 I Am Legion (U).avi
   -> /media/madmaxlgndklr/media31/Shows/Justice League Unlimited/Season 03/Justice League Unlimited - S03E01 - I Am Legion.avi
DRY   JL # 80 Shadow of the Hawk (U).avi
   -> /media/madmaxlgndklr/media31/Shows/Justice League Unlimited/Season 03/Justice League Unlimited - S03E02 - Shadow of the Hawk.avi
DRY   JL # 81 Chaos at the Earth's Core (U).avi
   -> /media/madmaxlgndklr/media31/Shows/Justice League Unlimited/Season 03/Justice League Unlimited - S03E03 - Chaos at the Earth's Core.avi
DRY   JL # 82 To Another Shore (U).avi
   -> /media/madmaxlgndklr/media31/Shows/Justice League Unlimited/Season 03/Justice League Unlimited - S03E04 - To Another Shore.avi
DRY   JL # 83 Flash and Substance (U).avi
   -> /media/madmaxlgndklr/media31/Shows/Justice League Unlimited/Season 03/Justice League Unlimited - S03E05 - Flash and Substance.avi
DRY   JL # 84 Dead Reckoning (U).avi
   -> /media/madmaxlgndklr/media31/Shows/Justice League Unlimited/Season 03/Justice League Unlimited - S03E06 - Dead Reckoning.avi
DRY   JL # 85 Patriot Act (U).avi
   -> /media/madmaxlgndklr/media31/Shows/Justice League Unlimited/Season 03/Justice League Unlimited - S03E07 - Patriot Act.avi
DRY   JL # 86 The Great Brain Roberry (U).avi
   -> /media/madmaxlgndklr/media31/Shows/Justice League Unlimited/Season 03/Justice League Unlimited - S03E08 - The Great Brain Robbery.avi
DRY   JL # 87 Grudge Match (U).avi
   -> /media/madmaxlgndklr/media31/Shows/Justice League Unlimited/Season 03/Justice League Unlimited - S03E09 - Grudge Match.avi
DRY   JL # 88 Far From Home (U).avi
   -> /media/madmaxlgndklr/media31/Shows/Justice League Unlimited/Season 03/Justice League Unlimited - S03E10 - Far From Home.avi
DRY   JL # 89 Ancient History (U).avi
   -> /media/madmaxlgndklr/media31/Shows/Justice League Unlimited/Season 03/Justice League Unlimited - S03E11 - Ancient History.avi
DRY   JL # 90 Alive! (U).avi
   -> /media/madmaxlgndklr/media31/Shows/Justice League Unlimited/Season 03/Justice League Unlimited - S03E12 - Alive!.avi
DRY   JL # 91 Destroyer (U).avi
   -> /media/madmaxlgndklr/media31/Shows/Justice League Unlimited/Season 03/Justice League Unlimited - S03E13 - Destroyer.avi

Summary: moved=78  skipped=0  errors=0

Plan: 78 file operations
MOVE  JL #1 - 3 Secret Origins..avi
   -> /media/madmaxlgndklr/media31/Shows/Justice League (2001)/Season 01/Justice League (2001) - S01E01E02E03 - Secret Origins.avi
MOVE  JL #4 In Blackest Night 1.avi
   -> /media/madmaxlgndklr/media31/Shows/Justice League (2001)/Season 01/Justice League (2001) - S01E04 - In Blackest Night, Part I.avi
MOVE  JL #5 In Blackest Night 2.avi
   -> /media/madmaxlgndklr/media31/Shows/Justice League (2001)/Season 01/Justice League (2001) - S01E05 - In Blackest Night, Part II.avi
MOVE  JL #6 The Enemy Below 1.avi
   -> /media/madmaxlgndklr/media31/Shows/Justice League (2001)/Season 01/Justice League (2001) - S01E06 - The Enemy Below, Part I.avi
MOVE  JL #7 The Enemy Below 2.avi
   -> /media/madmaxlgndklr/media31/Shows/Justice League (2001)/Season 01/Justice League (2001) - S01E07 - The Enemy Below, Part II.avi
MOVE  JL #8 Paradise Lost 1.avi
   -> /media/madmaxlgndklr/media31/Shows/Justice League (2001)/Season 01/Justice League (2001) - S01E10 - Paradise Lost, Part I.avi
MOVE  JL #9 Paradise Lost 2.avi
   -> /media/madmaxlgndklr/media31/Shows/Justice League (2001)/Season 01/Justice League (2001) - S01E11 - Paradise Lost, Part II.avi
MOVE  JL #10 War World 1.avi
   -> /media/madmaxlgndklr/media31/Shows/Justice League (2001)/Season 01/Justice League (2001) - S01E12 - War World, Part I.avi
MOVE  JL #11 War World 2.avi
   -> /media/madmaxlgndklr/media31/Shows/Justice League (2001)/Season 01/Justice League (2001) - S01E13 - War World, Part II.avi
MOVE  JL #12 The Brave and the Bold 1.avi
   -> /media/madmaxlgndklr/media31/Shows/Justice League (2001)/Season 01/Justice League (2001) - S01E14 - The Brave and the Bold, Part I.avi
MOVE  JL #13 The Brave and the Bold 2.avi
   -> /media/madmaxlgndklr/media31/Shows/Justice League (2001)/Season 01/Justice League (2001) - S01E15 - The Brave and the Bold, Part II.avi
MOVE  JL #14 Fury 1.avi
   -> /media/madmaxlgndklr/media31/Shows/Justice League (2001)/Season 01/Justice League (2001) - S01E16 - Fury, Part I.avi
MOVE  JL #15 Fury 2.avi
   -> /media/madmaxlgndklr/media31/Shows/Justice League (2001)/Season 01/Justice League (2001) - S01E17 - Fury, Part II.avi
MOVE  JL #16 Legends 1.avi
   -> /media/madmaxlgndklr/media31/Shows/Justice League (2001)/Season 01/Justice League (2001) - S01E18 - Legends, Part I.avi
MOVE  JL #17 Legends 2.avi
   -> /media/madmaxlgndklr/media31/Shows/Justice League (2001)/Season 01/Justice League (2001) - S01E19 - Legends, Part II.avi
MOVE  JL #18 Injustice for All 1.avi
   -> /media/madmaxlgndklr/media31/Shows/Justice League (2001)/Season 01/Justice League (2001) - S01E08 - Injustice for All, Part I.avi
MOVE  JL #19 Injustice For All 2.avi
   -> /media/madmaxlgndklr/media31/Shows/Justice League (2001)/Season 01/Justice League (2001) - S01E09 - Injustice for All, Part II.avi
MOVE  JL #20 A Knight of Shadows 1.avi
   -> /media/madmaxlgndklr/media31/Shows/Justice League (2001)/Season 01/Justice League (2001) - S01E20 - A Knight of Shadows, Part I.avi
MOVE  JL #21 A Knight of Shadows 2.avi
   -> /media/madmaxlgndklr/media31/Shows/Justice League (2001)/Season 01/Justice League (2001) - S01E21 - A Knight of Shadows, Part II.avi
MOVE  JL #22 Metamorphisis 1.avi
   -> /media/madmaxlgndklr/media31/Shows/Justice League (2001)/Season 01/Justice League (2001) - S01E22 - Metamorphosis, Part I.avi
MOVE  JL #23 Metamorphisis 2.avi
   -> /media/madmaxlgndklr/media31/Shows/Justice League (2001)/Season 01/Justice League (2001) - S01E23 - Metamorphosis, Part II.avi
MOVE  JL #24 The Savage Time 1.avi
   -> /media/madmaxlgndklr/media31/Shows/Justice League (2001)/Season 01/Justice League (2001) - S01E24 - The Savage Time, Part I.avi
MOVE  JL #25 The Savage Time 2.avi
   -> /media/madmaxlgndklr/media31/Shows/Justice League (2001)/Season 01/Justice League (2001) - S01E25 - The Savage Time, Part II.avi
MOVE  JL #26 The Savage Time 3.avi
   -> /media/madmaxlgndklr/media31/Shows/Justice League (2001)/Season 01/Justice League (2001) - S01E26 - The Savage Time, Part III.avi
MOVE  JL #27 - 28 Twilight of the Gods.avi
   -> /media/madmaxlgndklr/media31/Shows/Justice League (2001)/Season 02/Justice League (2001) - S02E01E02 - Twilight of the Gods.avi
MOVE  JL #29 - 30 Tabula Rasa.avi
   -> /media/madmaxlgndklr/media31/Shows/Justice League (2001)/Season 02/Justice League (2001) - S02E03E04 - Tabula Rasa.avi
MOVE  JL #31 - 32 Only a Dream.avi
   -> /media/madmaxlgndklr/media31/Shows/Justice League (2001)/Season 02/Justice League (2001) - S02E05E06 - Only a Dream.avi
MOVE  JL #33 - 34 Maid of Honor.avi
   -> /media/madmaxlgndklr/media31/Shows/Justice League (2001)/Season 02/Justice League (2001) - S02E07E08 - Maid of Honor.avi
MOVE  JL #35 - 36 Hearts and Minds.avi
   -> /media/madmaxlgndklr/media31/Shows/Justice League (2001)/Season 02/Justice League (2001) - S02E09E10 - Hearts and Minds.avi
MOVE  JL #37 - 38 A Better World.avi
   -> /media/madmaxlgndklr/media31/Shows/Justice League (2001)/Season 02/Justice League (2001) - S02E11E12 - A Better World.avi
MOVE  JL #39 - 40 Eclipsed.avi
   -> /media/madmaxlgndklr/media31/Shows/Justice League (2001)/Season 02/Justice League (2001) - S02E13E14 - Eclipsed.avi
MOVE  JL #41- 42 The Terror Beyond.avi
   -> /media/madmaxlgndklr/media31/Shows/Justice League (2001)/Season 02/Justice League (2001) - S02E15E16 - The Terror Beyond.avi
MOVE  JL #43 - 44 Secret Society.avi
   -> /media/madmaxlgndklr/media31/Shows/Justice League (2001)/Season 02/Justice League (2001) - S02E17E18 - Secret Society.avi
MOVE  JL #45 - 46 Hereafter.avi
   -> /media/madmaxlgndklr/media31/Shows/Justice League (2001)/Season 02/Justice League (2001) - S02E19E20 - Hereafter.avi
MOVE  JL #47 - 48 Wildcards.avi
   -> /media/madmaxlgndklr/media31/Shows/Justice League (2001)/Season 02/Justice League (2001) - S02E21E22 - Wildcards.avi
MOVE  JL #49 Comfort and Joy.avi
   -> /media/madmaxlgndklr/media31/Shows/Justice League (2001)/Season 02/Justice League (2001) - S02E23 - Comfort and Joy.avi
MOVE  JL #50 Starcrossed 1.avi
   -> /media/madmaxlgndklr/media31/Shows/Justice League (2001)/Season 02/Justice League (2001) - S02E24 - Starcrossed, Part I.avi
MOVE  JL #51 Starcrossed 2.avi
   -> /media/madmaxlgndklr/media31/Shows/Justice League (2001)/Season 02/Justice League (2001) - S02E25 - Starcrossed, Part II.avi
MOVE  JL #52 Starcrossed 3.avi
   -> /media/madmaxlgndklr/media31/Shows/Justice League (2001)/Season 02/Justice League (2001) - S02E26 - Starcrossed, Part III.avi
MOVE  JL #53 Initiation (U).avi
   -> /media/madmaxlgndklr/media31/Shows/Justice League Unlimited/Season 01/Justice League Unlimited - S01E01 - Initiation.avi
MOVE  JL #54 For the Man Who Has Everything (U).avi
   -> /media/madmaxlgndklr/media31/Shows/Justice League Unlimited/Season 01/Justice League Unlimited - S01E02 - For the Man Who Has Everything.avi
MOVE  JL #55 Kid Stuff (U).avi
   -> /media/madmaxlgndklr/media31/Shows/Justice League Unlimited/Season 01/Justice League Unlimited - S01E03 - Kid Stuff.avi
MOVE  JL #56 Hawk and Dove (U).avi
   -> /media/madmaxlgndklr/media31/Shows/Justice League Unlimited/Season 01/Justice League Unlimited - S01E04 - Hawk and Dove.avi
MOVE  JL #57 This LIttle Piggy (U).avi
   -> /media/madmaxlgndklr/media31/Shows/Justice League Unlimited/Season 01/Justice League Unlimited - S01E05 - This Little Piggy.avi
MOVE  JL #58 Fearful Symmetry (U).avi
   -> /media/madmaxlgndklr/media31/Shows/Justice League Unlimited/Season 01/Justice League Unlimited - S01E06 - Fearful Symmetry.avi
MOVE  JL #59 The Greatest Story Never Told (U).avi
   -> /media/madmaxlgndklr/media31/Shows/Justice League Unlimited/Season 01/Justice League Unlimited - S01E07 - The Greatest Story Never Told.avi
MOVE  JL #60 The Return (U).avi
   -> /media/madmaxlgndklr/media31/Shows/Justice League Unlimited/Season 01/Justice League Unlimited - S01E08 - The Return.avi
MOVE  JL #61 Ultimatum (U).avi
   -> /media/madmaxlgndklr/media31/Shows/Justice League Unlimited/Season 01/Justice League Unlimited - S01E09 - Ultimatum.avi
MOVE  JL #62 Dark Heart (U).avi
   -> /media/madmaxlgndklr/media31/Shows/Justice League Unlimited/Season 01/Justice League Unlimited - S01E10 - Dark Heart.avi
MOVE  JL #63 Wake the Dead (U).avi
   -> /media/madmaxlgndklr/media31/Shows/Justice League Unlimited/Season 01/Justice League Unlimited - S01E11 - Wake the Dead.avi
MOVE  JL #64 The Once and Future Thing Western Tales (U).avi
   -> /media/madmaxlgndklr/media31/Shows/Justice League Unlimited/Season 01/Justice League Unlimited - S01E12 - The Once and Future Thing: Weird Western Tales.avi
MOVE  JL #65 The Once and Future Thing Time, Warped (U).avi
   -> /media/madmaxlgndklr/media31/Shows/Justice League Unlimited/Season 01/Justice League Unlimited - S01E13 - The Once and Future Thing: Time, Warped.avi
MOVE  JL #66 The Cat and the Canary (U).avi
   -> /media/madmaxlgndklr/media31/Shows/Justice League Unlimited/Season 02/Justice League Unlimited - S02E01 - The Cat and the Canary.avi
MOVE  JL #67 The Ties That Bind (U).avi
   -> /media/madmaxlgndklr/media31/Shows/Justice League Unlimited/Season 02/Justice League Unlimited - S02E02 - The Ties That Bind.avi
MOVE  JL #68 The Doomsday Sanction (U).avi
   -> /media/madmaxlgndklr/media31/Shows/Justice League Unlimited/Season 02/Justice League Unlimited - S02E03 - The Doomsday Sanction.avi
MOVE  JL #69 Task Force X (U).avi
   -> /media/madmaxlgndklr/media31/Shows/Justice League Unlimited/Season 02/Justice League Unlimited - S02E04 - Task Force X.avi
MOVE  JL #70 The Balance (U).avi
   -> /media/madmaxlgndklr/media31/Shows/Justice League Unlimited/Season 02/Justice League Unlimited - S02E05 - The Balance.avi
MOVE  JL #71 Double Date (U).avi
   -> /media/madmaxlgndklr/media31/Shows/Justice League Unlimited/Season 02/Justice League Unlimited - S02E06 - Double Date.avi
MOVE  JL #72 Clash (U).avi
   -> /media/madmaxlgndklr/media31/Shows/Justice League Unlimited/Season 02/Justice League Unlimited - S02E07 - Clash.avi
MOVE  JL #73 Hunter's Moon (U).avi
   -> /media/madmaxlgndklr/media31/Shows/Justice League Unlimited/Season 02/Justice League Unlimited - S02E08 - Hunter's Moon.avi
MOVE  JL #74 Question Authority (U).avi
   -> /media/madmaxlgndklr/media31/Shows/Justice League Unlimited/Season 02/Justice League Unlimited - S02E09 - Question Authority.avi
MOVE  JL #75 Flashpoint (U).avi
   -> /media/madmaxlgndklr/media31/Shows/Justice League Unlimited/Season 02/Justice League Unlimited - S02E10 - Flashpoint.avi
MOVE  JL #76 Panic In The Sky (U).avi
   -> /media/madmaxlgndklr/media31/Shows/Justice League Unlimited/Season 02/Justice League Unlimited - S02E11 - Panic in the Sky.avi
MOVE  JL #77 Divided We Fall (U).avi
   -> /media/madmaxlgndklr/media31/Shows/Justice League Unlimited/Season 02/Justice League Unlimited - S02E12 - Divided We Fall.avi
MOVE  JL #78 Epilogue (U).avi
   -> /media/madmaxlgndklr/media31/Shows/Justice League Unlimited/Season 02/Justice League Unlimited - S02E13 - Epilogue.avi
MOVE  JL # 79 I Am Legion (U).avi
   -> /media/madmaxlgndklr/media31/Shows/Justice League Unlimited/Season 03/Justice League Unlimited - S03E01 - I Am Legion.avi
MOVE  JL # 80 Shadow of the Hawk (U).avi
   -> /media/madmaxlgndklr/media31/Shows/Justice League Unlimited/Season 03/Justice League Unlimited - S03E02 - Shadow of the Hawk.avi
MOVE  JL # 81 Chaos at the Earth's Core (U).avi
   -> /media/madmaxlgndklr/media31/Shows/Justice League Unlimited/Season 03/Justice League Unlimited - S03E03 - Chaos at the Earth's Core.avi
MOVE  JL # 82 To Another Shore (U).avi
   -> /media/madmaxlgndklr/media31/Shows/Justice League Unlimited/Season 03/Justice League Unlimited - S03E04 - To Another Shore.avi
MOVE  JL # 83 Flash and Substance (U).avi
   -> /media/madmaxlgndklr/media31/Shows/Justice League Unlimited/Season 03/Justice League Unlimited - S03E05 - Flash and Substance.avi
MOVE  JL # 84 Dead Reckoning (U).avi
   -> /media/madmaxlgndklr/media31/Shows/Justice League Unlimited/Season 03/Justice League Unlimited - S03E06 - Dead Reckoning.avi
MOVE  JL # 85 Patriot Act (U).avi
   -> /media/madmaxlgndklr/media31/Shows/Justice League Unlimited/Season 03/Justice League Unlimited - S03E07 - Patriot Act.avi
MOVE  JL # 86 The Great Brain Roberry (U).avi
   -> /media/madmaxlgndklr/media31/Shows/Justice League Unlimited/Season 03/Justice League Unlimited - S03E08 - The Great Brain Robbery.avi
MOVE  JL # 87 Grudge Match (U).avi
   -> /media/madmaxlgndklr/media31/Shows/Justice League Unlimited/Season 03/Justice League Unlimited - S03E09 - Grudge Match.avi
MOVE  JL # 88 Far From Home (U).avi
   -> /media/madmaxlgndklr/media31/Shows/Justice League Unlimited/Season 03/Justice League Unlimited - S03E10 - Far From Home.avi
MOVE  JL # 89 Ancient History (U).avi
   -> /media/madmaxlgndklr/media31/Shows/Justice League Unlimited/Season 03/Justice League Unlimited - S03E11 - Ancient History.avi
MOVE  JL # 90 Alive! (U).avi
   -> /media/madmaxlgndklr/media31/Shows/Justice League Unlimited/Season 03/Justice League Unlimited - S03E12 - Alive!.avi
MOVE  JL # 91 Destroyer (U).avi
   -> /media/madmaxlgndklr/media31/Shows/Justice League Unlimited/Season 03/Justice League Unlimited - S03E13 - Destroyer.avi

Summary: moved=78  skipped=0  errors=0
